1568622526993:sessions
1568625107697:message
1568625128979:sessions
1568641500115:send
1568641506760:message
1568641567195:sessions
1568641584594:message privet
1568641686420:sessions
1568641722058:message vflsajfhgsdhgdfsjkhghsjdfgajhdsvs
1568641732036:remove 2rsh0lox
1568641737899:delete 2rsh0lox
1568641745324:message jfkjsgjdsgfjsdgh
1568658550060:sessions
1568658578922:message test_j0nwuu22@test.com hi
1568658643224:orders test_3jzjvr41@test.com
1568658676219:message test_3jzjvr41@test.com kdfhskdahglfkdshglsfdghdslfg
1568658753709:orders test_j0nwuu22@test.com
1568659004592:message test_j0nwuu22@test.com Test test test
1568659024185:message test_j0nwuu22@test.com "sahgfsjd asjhfgadsh"
1568723836043:sessions
1568723863135:message test_qtu0noy4@test.com test1
1568723892027:orders test_aqns23qt@test.com
1568723947771:sessions
1568723971935:message test_aqns23qt@test.com "Hi from the Moon"
1568724015372:sessions
1568724056395:message test_qtu0noy4@test.com "Privet pridurok"
1568724075506:message test_aqns23qt@test.com "Privet pridurok"
1568724097398:orders test_aqns23qt@test.com
1568724344296:sessions
1568724562788:message test_iadnbm40@test.com
1568724573166:orders test_iadnbm40@test.com
1568724602652:message test_vnqe4okr@test.com "Fuck you"
1568725547324:sessions
1568726791777:message test1@test.com
1568726910401:sessions
1568726933950:message test1@test.com
1568727038856:message test1@gmail.com
1568727081213:sessions
1568727095900:message test1@test.com
1568727195274:sessions
1568727213272:message test1@test.com
1568727297919:sessions
1568727303795:message test1@test.com
1568727376424:sessions
1568727380122:message test1@test.com
1568727427285:sessions
1568727439627:message test1@test.com
1568727892555:sessions
1568727922828:message test1@test.com
1568728077175:sessions
1568728123289:message test1@test.com
1570179450714:help
1570179503652:hi
1570179510810:mnessage
1570179516158:message
1570179536457:hi
1570443441293:help
1570443449614:sessions
1570446987224:help
1570447022649:message test_1@test.com
1570447040603:message test_2test.com
1570447054895:message test_2@test.com
1570447099524:orders test_1@test.com
1570447153875:orders test_2@test.com
1570448528255:help
1570448539568:orders test_1@test.com
1572867801985:help
1572867806664:sessions
1572868304245:sesseions
1572868309498:sessions
1572868317689:help
1572868339321:message stas "Hello stas"
1572868366689:message oleg "Hi"
